<?xml version="1.0" encoding="UTF-8"?>
<!-- Generated by org.testng.reporters.JUnitReportReporter -->
<testsuite hostname="WPDev-Laptop-Shariful" failures="0" tests="2" name="wpdev.ea.testcases.EA_FlipBox" time="25.258" errors="0" timestamp="2020-12-29T11:36:58 BDT" skipped="0">
  <testcase classname="wpdev.ea.testcases.EA_FlipBox" name="eventflipboxTestCase" time="19.648"/>
  <system-out/>
  <testcase classname="wpdev.ea.testcases.EA_FlipBox" name="invokeBrowser" time="5.610"/>
  <system-out/>
</testsuite> <!-- wpdev.ea.testcases.EA_FlipBox -->
