<?xml version="1.0" encoding="UTF-8"?>
<!-- Generated by org.testng.reporters.JUnitReportReporter -->
<testsuite hostname="WPDev-Laptop-Shariful" failures="0" tests="2" name="wpdev.ea.testcases.EA_DataTable" time="22.881" errors="0" timestamp="2020-12-29T10:11:34 BDT" skipped="0">
  <testcase classname="wpdev.ea.testcases.EA_DataTable" name="invokeBrowser" time="5.778"/>
  <system-out/>
  <testcase classname="wpdev.ea.testcases.EA_DataTable" name="eventinfoboxTestCase" time="17.103"/>
  <system-out/>
</testsuite> <!-- wpdev.ea.testcases.EA_DataTable -->
