<?xml version="1.0" encoding="UTF-8"?>
<!-- Generated by org.testng.reporters.JUnitReportReporter -->
<testsuite hostname="WPDev-Laptop-Shariful" failures="0" tests="2" name="wpdev.ea.testcases.EA_ProgressBar" time="33.081" errors="0" timestamp="2020-12-29T16:48:13 BDT" skipped="0">
  <testcase classname="wpdev.ea.testcases.EA_ProgressBar" name="invokeBrowser" time="6.140"/>
  <system-out/>
  <testcase classname="wpdev.ea.testcases.EA_ProgressBar" name="progressBarTestCase" time="26.941"/>
  <system-out/>
</testsuite> <!-- wpdev.ea.testcases.EA_ProgressBar -->
