<?xml version="1.0" encoding="UTF-8"?>
<!-- Generated by org.testng.reporters.JUnitReportReporter -->
<testsuite hostname="WPDev-Laptop-Shariful" failures="0" tests="2" name="wpdev.ea.testcases.EA_TestimonialSlider" time="27.580" errors="0" timestamp="2020-12-30T11:12:33 BDT" skipped="0">
  <testcase classname="wpdev.ea.testcases.EA_TestimonialSlider" name="testimonialSliderTestCase" time="21.717"/>
  <system-out/>
  <testcase classname="wpdev.ea.testcases.EA_TestimonialSlider" name="invokeBrowser" time="5.863"/>
  <system-out/>
</testsuite> <!-- wpdev.ea.testcases.EA_TestimonialSlider -->
