<?xml version="1.0" encoding="UTF-8"?>
<!-- Generated by org.testng.reporters.JUnitReportReporter -->
<testsuite hostname="WPDev-Laptop-Shariful" failures="0" tests="3" name="wpdev.ea.testcases.EA_DynamicGallery" time="31.603" errors="0" timestamp="2020-10-18T11:50:55 BDT" skipped="0">
  <testcase classname="wpdev.ea.testcases.EA_DynamicGallery" name="openPage" time="3.312"/>
  <system-out/>
  <testcase classname="wpdev.ea.testcases.EA_DynamicGallery" name="dynamicGalleryTestCase" time="22.637"/>
  <system-out/>
  <testcase classname="wpdev.ea.testcases.EA_DynamicGallery" name="invokeBrowser" time="5.654"/>
  <system-out/>
</testsuite> <!-- wpdev.ea.testcases.EA_DynamicGallery -->
