<?xml version="1.0" encoding="UTF-8"?>
<!-- Generated by org.testng.reporters.JUnitReportReporter -->
<testsuite hostname="WPDev-Laptop-Shariful" failures="0" tests="2" name="wpdev.ea.testcases.EA_ImageAccordion" time="28.663" errors="0" timestamp="2020-10-27T10:38:36 BDT" skipped="0">
  <testcase classname="wpdev.ea.testcases.EA_ImageAccordion" name="invokeBrowser" time="5.711"/>
  <system-out/>
  <testcase classname="wpdev.ea.testcases.EA_ImageAccordion" name="onePageNavigationTestCase" time="22.952"/>
  <system-out/>
</testsuite> <!-- wpdev.ea.testcases.EA_ImageAccordion -->
