<?xml version="1.0" encoding="UTF-8"?>
<!-- Generated by org.testng.reporters.JUnitReportReporter -->
<testsuite hostname="WPDev-Laptop-Shariful" failures="0" tests="2" name="wpdev.ea.testcases.EA_InteractiveCards" time="31.669" errors="0" timestamp="2020-12-29T14:21:33 BDT" skipped="0">
  <testcase classname="wpdev.ea.testcases.EA_InteractiveCards" name="invokeBrowser" time="5.660"/>
  <system-out/>
  <testcase classname="wpdev.ea.testcases.EA_InteractiveCards" name="interactiveCardTestCase" time="26.009"/>
  <system-out/>
</testsuite> <!-- wpdev.ea.testcases.EA_InteractiveCards -->
