<?xml version="1.0" encoding="UTF-8"?>
<!-- Generated by org.testng.reporters.JUnitReportReporter -->
<testsuite hostname="WPDev-Laptop-Shariful" failures="0" tests="2" name="wpdev.ea.testcases.EA_CreativeButton" time="23.234" errors="0" timestamp="2020-12-29T10:09:56 BDT" skipped="0">
  <testcase classname="wpdev.ea.testcases.EA_CreativeButton" name="invokeBrowser" time="5.641"/>
  <system-out/>
  <testcase classname="wpdev.ea.testcases.EA_CreativeButton" name="eventcreativebuttonTestCase" time="17.593"/>
  <system-out/>
</testsuite> <!-- wpdev.ea.testcases.EA_CreativeButton -->
