<?xml version="1.0" encoding="UTF-8"?>
<!-- Generated by org.testng.reporters.JUnitReportReporter -->
<testsuite hostname="WPDev-Laptop-Shariful" failures="0" tests="2" name="wpdev.ea.testcases.EA_ProgressBar" time="27.908" errors="0" timestamp="2020-10-28T14:52:50 BDT" skipped="0">
  <testcase classname="wpdev.ea.testcases.EA_ProgressBar" name="invokeBrowser" time="5.785"/>
  <system-out/>
  <testcase classname="wpdev.ea.testcases.EA_ProgressBar" name="progressBarTestCase" time="22.123"/>
  <system-out/>
</testsuite> <!-- wpdev.ea.testcases.EA_ProgressBar -->
