<?xml version="1.0" encoding="UTF-8"?>
<!-- Generated by org.testng.reporters.JUnitReportReporter -->
<testsuite hostname="WPDev-Laptop-Shariful" failures="0" tests="2" name="wpdev.ea.testcases.EA_LogoCarousel" time="29.939" errors="0" timestamp="2021-01-06T08:27:46 BDT" skipped="0">
  <testcase classname="wpdev.ea.testcases.EA_LogoCarousel" name="invokeBrowser" time="6.207"/>
  <system-out/>
  <testcase classname="wpdev.ea.testcases.EA_LogoCarousel" name="LogoCarouseTestCase" time="23.732"/>
  <system-out/>
</testsuite> <!-- wpdev.ea.testcases.EA_LogoCarousel -->
