<?xml version="1.0" encoding="UTF-8"?>
<!-- Generated by org.testng.reporters.JUnitReportReporter -->
<testsuite hostname="WPDev-Laptop-Shariful" failures="0" tests="2" name="wpdev.ea.testcases.EA_FeatureList" time="21.307" errors="0" timestamp="2020-12-29T11:06:01 BDT" skipped="0">
  <testcase classname="wpdev.ea.testcases.EA_FeatureList" name="FeatureLisTestCase" time="15.588"/>
  <system-out/>
  <testcase classname="wpdev.ea.testcases.EA_FeatureList" name="invokeBrowser" time="5.719"/>
  <system-out/>
</testsuite> <!-- wpdev.ea.testcases.EA_FeatureList -->
