<?xml version="1.0" encoding="UTF-8"?>
<!-- Generated by org.testng.reporters.JUnitReportReporter -->
<testsuite hostname="WPDev-Laptop-Shariful" failures="0" tests="2" name="wpdev.ea.testcases.EA_CallToAction" time="21.010" errors="0" timestamp="2020-12-29T09:04:27 BDT" skipped="0">
  <testcase classname="wpdev.ea.testcases.EA_CallToAction" name="eventinfoboxTestCase" time="15.343"/>
  <system-out/>
  <testcase classname="wpdev.ea.testcases.EA_CallToAction" name="invokeBrowser" time="5.667"/>
  <system-out/>
</testsuite> <!-- wpdev.ea.testcases.EA_CallToAction -->
