<?xml version="1.0" encoding="UTF-8"?>
<!-- Generated by org.testng.reporters.JUnitReportReporter -->
<testsuite hostname="WPDev-Laptop-Shariful" failures="0" tests="2" name="wpdev.ea.testcases.EA_ImageComparison" time="33.583" errors="0" timestamp="2020-12-29T12:55:49 BDT" skipped="0">
  <testcase classname="wpdev.ea.testcases.EA_ImageComparison" name="invokeBrowser" time="5.659"/>
  <system-out/>
  <testcase classname="wpdev.ea.testcases.EA_ImageComparison" name="imageComparisonTestCase" time="27.924"/>
  <system-out/>
</testsuite> <!-- wpdev.ea.testcases.EA_ImageComparison -->
