<?xml version="1.0" encoding="UTF-8"?>
<!-- Generated by org.testng.reporters.JUnitReportReporter -->
<testsuite hostname="WPDev-Laptop-Shariful" failures="0" tests="2" name="wpdev.ea.testcases.EA_PostBlock" time="72.805" errors="0" timestamp="2020-12-29T15:39:15 BDT" skipped="0">
  <testcase classname="wpdev.ea.testcases.EA_PostBlock" name="invokeBrowser" time="5.680"/>
  <system-out/>
  <testcase classname="wpdev.ea.testcases.EA_PostBlock" name="postBlockTestCase" time="67.125"/>
  <system-out/>
</testsuite> <!-- wpdev.ea.testcases.EA_PostBlock -->
