<?xml version="1.0" encoding="UTF-8"?>
<!-- Generated by org.testng.reporters.JUnitReportReporter -->
<testsuite hostname="WPDev-Laptop-Shariful" failures="0" tests="3" name="wpdev.ea.testcases.EA_ALL" time="796.369" errors="0" timestamp="2021-01-06T08:57:05 BDT" skipped="0">
  <testcase classname="wpdev.ea.testcases.EA_ALL" name="eaAllTestCase" time="781.517"/>
  <system-out/>
  <testcase classname="wpdev.ea.testcases.EA_ALL" name="invokeBrowser" time="5.724"/>
  <system-out/>
  <testcase classname="wpdev.ea.testcases.EA_ALL" name="openPage" time="9.128"/>
  <system-out/>
</testsuite> <!-- wpdev.ea.testcases.EA_ALL -->
