<?xml version="1.0" encoding="UTF-8"?>
<!-- Generated by org.testng.reporters.JUnitReportReporter -->
<testsuite hostname="WPDev-Laptop-Shariful" failures="0" tests="3" name="wpdev.ea.testcases.EA_DualColorHeadline" time="32.933" errors="0" timestamp="2020-10-07T13:01:16 BDT" skipped="0">
  <testcase classname="wpdev.ea.testcases.EA_DualColorHeadline" name="openPage" time="12.906"/>
  <system-out/>
  <testcase classname="wpdev.ea.testcases.EA_DualColorHeadline" name="eaDualColorHeadlineTestCase" time="13.664"/>
  <system-out/>
  <testcase classname="wpdev.ea.testcases.EA_DualColorHeadline" name="invokeBrowser" time="6.363"/>
  <system-out/>
</testsuite> <!-- wpdev.ea.testcases.EA_DualColorHeadline -->
