<?xml version="1.0" encoding="UTF-8"?>
<!-- Generated by org.testng.reporters.JUnitReportReporter -->
<testsuite hostname="WPDev-Laptop-Shariful" failures="0" tests="2" name="wpdev.ea.testcases.EA_PricingTable" time="29.508" errors="0" timestamp="2020-12-29T16:44:51 BDT" skipped="0">
  <testcase classname="wpdev.ea.testcases.EA_PricingTable" name="eventinfoboxTestCase" time="23.120"/>
  <system-out/>
  <testcase classname="wpdev.ea.testcases.EA_PricingTable" name="invokeBrowser" time="6.388"/>
  <system-out/>
</testsuite> <!-- wpdev.ea.testcases.EA_PricingTable -->
