<?xml version="1.0" encoding="UTF-8"?>
<!-- Generated by org.testng.reporters.JUnitReportReporter -->
<testsuite hostname="WPDev-Laptop-Shariful" failures="0" tests="2" name="wpdev.ea.testcases.EA_ImageComparison" time="36.459" errors="0" timestamp="2020-10-26T11:36:35 BDT" skipped="0">
  <testcase classname="wpdev.ea.testcases.EA_ImageComparison" name="imageComparisonTestCase" time="30.692"/>
  <system-out/>
  <testcase classname="wpdev.ea.testcases.EA_ImageComparison" name="invokeBrowser" time="5.767"/>
  <system-out/>
</testsuite> <!-- wpdev.ea.testcases.EA_ImageComparison -->
