<?xml version="1.0" encoding="UTF-8"?>
<!-- Generated by org.testng.reporters.JUnitReportReporter -->
<testsuite hostname="WPDev-Laptop-Shariful" failures="0" tests="2" name="wpdev.ea.testcases.EA_TeamMember" time="22.312" errors="0" timestamp="2020-12-30T10:03:27 BDT" skipped="0">
  <testcase classname="wpdev.ea.testcases.EA_TeamMember" name="invokeBrowser" time="5.631"/>
  <system-out/>
  <testcase classname="wpdev.ea.testcases.EA_TeamMember" name="teamMemberTestCase" time="16.681"/>
  <system-out/>
</testsuite> <!-- wpdev.ea.testcases.EA_TeamMember -->
