<?xml version="1.0" encoding="UTF-8"?>
<!-- Generated by org.testng.reporters.JUnitReportReporter -->
<testsuite hostname="WPDev-Laptop-Shariful" failures="0" tests="2" name="wpdev.ea.testcases.EA_DataTable" time="14.755" errors="0" timestamp="2020-10-28T17:18:37 BDT" skipped="0">
  <testcase classname="wpdev.ea.testcases.EA_DataTable" name="eventinfoboxTestCase" time="9.105"/>
  <system-out/>
  <testcase classname="wpdev.ea.testcases.EA_DataTable" name="invokeBrowser" time="5.650"/>
  <system-out/>
</testsuite> <!-- wpdev.ea.testcases.EA_DataTable -->
