<?xml version="1.0" encoding="UTF-8"?>
<!-- Generated by org.testng.reporters.JUnitReportReporter -->
<testsuite hostname="WPDev-Laptop-Shariful" failures="0" tests="2" name="wpdev.ea.testcases.EA_TeamMemberCarousel" time="23.712" errors="0" timestamp="2020-12-30T10:09:42 BDT" skipped="0">
  <testcase classname="wpdev.ea.testcases.EA_TeamMemberCarousel" name="invokeBrowser" time="5.602"/>
  <system-out/>
  <testcase classname="wpdev.ea.testcases.EA_TeamMemberCarousel" name="teamMemberCarouselTestCase" time="18.110"/>
  <system-out/>
</testsuite> <!-- wpdev.ea.testcases.EA_TeamMemberCarousel -->
