<?xml version="1.0" encoding="UTF-8"?>
<!-- Generated by org.testng.reporters.JUnitReportReporter -->
<testsuite hostname="WPDev-Laptop-Shariful" failures="0" tests="2" name="wpdev.ea.testcases.EA_InteractiveCards" time="55.018" errors="0" timestamp="2020-10-22T13:42:30 BDT" skipped="0">
  <testcase classname="wpdev.ea.testcases.EA_InteractiveCards" name="invokeBrowser" time="5.801"/>
  <system-out/>
  <testcase classname="wpdev.ea.testcases.EA_InteractiveCards" name="interactiveCardTestCase" time="49.217"/>
  <system-out/>
</testsuite> <!-- wpdev.ea.testcases.EA_InteractiveCards -->
