<?xml version="1.0" encoding="UTF-8"?>
<!-- Generated by org.testng.reporters.JUnitReportReporter -->
<testsuite hostname="WPDev-Laptop-Shariful" failures="0" tests="2" name="wpdev.ea.testcases.EA_CreativeButton" time="30.757" errors="0" timestamp="2020-10-28T17:11:31 BDT" skipped="0">
  <testcase classname="wpdev.ea.testcases.EA_CreativeButton" name="invokeBrowser" time="5.704"/>
  <system-out/>
  <testcase classname="wpdev.ea.testcases.EA_CreativeButton" name="eventcreativebuttonTestCase" time="25.053"/>
  <system-out/>
</testsuite> <!-- wpdev.ea.testcases.EA_CreativeButton -->
