<?xml version="1.0" encoding="UTF-8"?>
<!-- Generated by org.testng.reporters.JUnitReportReporter -->
<testsuite hostname="WPDev-Laptop-Shariful" failures="0" tests="3" name="wpdev.ea.testcases.EA_AdvancedAccordion" time="19.983" errors="0" timestamp="2020-10-11T16:39:53 BDT" skipped="0">
  <testcase classname="wpdev.ea.testcases.EA_AdvancedAccordion" name="openPage" time="7.415"/>
  <system-out/>
  <testcase classname="wpdev.ea.testcases.EA_AdvancedAccordion" name="eventadvanceaccordionTestCase" time="6.915"/>
  <system-out/>
  <testcase classname="wpdev.ea.testcases.EA_AdvancedAccordion" name="invokeBrowser" time="5.653"/>
  <system-out/>
</testsuite> <!-- wpdev.ea.testcases.EA_AdvancedAccordion -->
