<?xml version="1.0" encoding="UTF-8"?>
<!-- Generated by org.testng.reporters.JUnitReportReporter -->
<testsuite hostname="WPDev-Laptop-Shariful" failures="0" tests="3" name="wpdev.ea.testcases.EA_TeamMember" time="24.113" errors="0" timestamp="2020-10-13T12:15:44 BDT" skipped="0">
  <testcase classname="wpdev.ea.testcases.EA_TeamMember" name="openPage" time="10.278"/>
  <system-out/>
  <testcase classname="wpdev.ea.testcases.EA_TeamMember" name="teamMemberTestCase" time="8.161"/>
  <system-out/>
  <testcase classname="wpdev.ea.testcases.EA_TeamMember" name="invokeBrowser" time="5.674"/>
  <system-out/>
</testsuite> <!-- wpdev.ea.testcases.EA_TeamMember -->
