<?xml version="1.0" encoding="UTF-8"?>
<!-- Generated by org.testng.reporters.JUnitReportReporter -->
<testsuite hostname="WPDev-Laptop-Shariful" failures="0" tests="3" name="wpdev.ea.testcases.EA_ContentTicker" time="22.022" errors="0" timestamp="2020-10-15T19:00:22 BDT" skipped="0">
  <testcase classname="wpdev.ea.testcases.EA_ContentTicker" name="openPage" time="4.588"/>
  <system-out/>
  <testcase classname="wpdev.ea.testcases.EA_ContentTicker" name="invokeBrowser" time="6.332"/>
  <system-out/>
  <testcase classname="wpdev.ea.testcases.EA_ContentTicker" name="contentTickerTestCase" time="11.102"/>
  <system-out/>
</testsuite> <!-- wpdev.ea.testcases.EA_ContentTicker -->
