<?xml version="1.0" encoding="UTF-8"?>
<!-- Generated by org.testng.reporters.JUnitReportReporter -->
<testsuite hostname="WPDev-Shariful" failures="0" tests="3" name="wpdev.ea.testcases.EA_FlipBox" time="22.056" errors="0" timestamp="2020-10-04T14:54:45 BDT" skipped="0">
  <testcase classname="wpdev.ea.testcases.EA_FlipBox" name="openPage" time="4.404"/>
  <system-out/>
  <testcase classname="wpdev.ea.testcases.EA_FlipBox" name="eventcalenderTestCase" time="11.867"/>
  <system-out/>
  <testcase classname="wpdev.ea.testcases.EA_FlipBox" name="invokeBrowser" time="5.785"/>
  <system-out/>
</testsuite> <!-- wpdev.ea.testcases.EA_FlipBox -->
