<?xml version="1.0" encoding="UTF-8"?>
<!-- Generated by org.testng.reporters.JUnitReportReporter -->
<testsuite hostname="WPDev-Laptop-Shariful" failures="0" tests="3" name="wpdev.ea.testcases.EA_DataTable" time="15.441" errors="0" timestamp="2020-10-15T15:12:50 BDT" skipped="0">
  <testcase classname="wpdev.ea.testcases.EA_DataTable" name="openPage" time="3.599"/>
  <system-out/>
  <testcase classname="wpdev.ea.testcases.EA_DataTable" name="eventinfoboxTestCase" time="6.072"/>
  <system-out/>
  <testcase classname="wpdev.ea.testcases.EA_DataTable" name="invokeBrowser" time="5.770"/>
  <system-out/>
</testsuite> <!-- wpdev.ea.testcases.EA_DataTable -->
