<?xml version="1.0" encoding="UTF-8"?>
<!-- Generated by org.testng.reporters.JUnitReportReporter -->
<testsuite hostname="WPDev-Laptop-Shariful" failures="0" tests="2" name="wpdev.ea.testcases.EA_PostBlock" time="43.183" errors="0" timestamp="2021-01-06T08:41:47 BDT" skipped="0">
  <testcase classname="wpdev.ea.testcases.EA_PostBlock" name="invokeBrowser" time="5.657"/>
  <system-out/>
  <testcase classname="wpdev.ea.testcases.EA_PostBlock" name="postBlockTestCase" time="37.526"/>
  <system-out/>
</testsuite> <!-- wpdev.ea.testcases.EA_PostBlock -->
