<?xml version="1.0" encoding="UTF-8"?>
<!-- Generated by org.testng.reporters.JUnitReportReporter -->
<testsuite hostname="WPDev-Laptop-Shariful" failures="0" tests="3" name="wpdev.ea.testcases.EA_StickyVideo" time="33.420" errors="0" timestamp="2020-10-19T18:11:20 BDT" skipped="0">
  <testcase classname="wpdev.ea.testcases.EA_StickyVideo" name="openPage" time="2.872"/>
  <system-out/>
  <testcase classname="wpdev.ea.testcases.EA_StickyVideo" name="stickyVideoTestCase" time="24.804"/>
  <system-out/>
  <testcase classname="wpdev.ea.testcases.EA_StickyVideo" name="invokeBrowser" time="5.744"/>
  <system-out/>
</testsuite> <!-- wpdev.ea.testcases.EA_StickyVideo -->
