<?xml version="1.0" encoding="UTF-8"?>
<!-- Generated by org.testng.reporters.JUnitReportReporter -->
<testsuite hostname="WPDev-Laptop-Shariful" failures="0" tests="2" name="wpdev.ea.testcases.EA_AdvancedAccordion" time="37.288" errors="0" timestamp="2020-10-28T15:06:53 BDT" skipped="0">
  <testcase classname="wpdev.ea.testcases.EA_AdvancedAccordion" name="invokeBrowser" time="5.758"/>
  <system-out/>
  <testcase classname="wpdev.ea.testcases.EA_AdvancedAccordion" name="eventadvanceaccordionTestCase" time="31.530"/>
  <system-out/>
</testsuite> <!-- wpdev.ea.testcases.EA_AdvancedAccordion -->
