<?xml version="1.0" encoding="UTF-8"?>
<!-- Generated by org.testng.reporters.JUnitReportReporter -->
<testsuite hostname="WPDev-Laptop-Shariful" failures="0" tests="2" name="wpdev.ea.testcases.EA_ContentTimeline" time="14.773" errors="0" timestamp="2020-10-28T16:49:42 BDT" skipped="0">
  <testcase classname="wpdev.ea.testcases.EA_ContentTimeline" name="invokeBrowser" time="5.800"/>
  <system-out/>
  <testcase classname="wpdev.ea.testcases.EA_ContentTimeline" name="contentTimelineTestCase" time="8.973"/>
  <system-out/>
</testsuite> <!-- wpdev.ea.testcases.EA_ContentTimeline -->
