<?xml version="1.0" encoding="UTF-8"?>
<!-- Generated by org.testng.reporters.JUnitReportReporter -->
<testsuite hostname="WPDev-Laptop-Shariful" failures="0" tests="2" name="wpdev.ea.testcases.EA_StickyVideo" time="24.811" errors="0" timestamp="2020-12-30T09:58:38 BDT" skipped="0">
  <testcase classname="wpdev.ea.testcases.EA_StickyVideo" name="invokeBrowser" time="5.681"/>
  <system-out/>
  <testcase classname="wpdev.ea.testcases.EA_StickyVideo" name="stickyVideoTestCase" time="19.130"/>
  <system-out/>
</testsuite> <!-- wpdev.ea.testcases.EA_StickyVideo -->
