<?xml version="1.0" encoding="UTF-8"?>
<!-- Generated by org.testng.reporters.JUnitReportReporter -->
<testsuite hostname="WPDev-Laptop-Shariful" failures="0" tests="2" name="wpdev.ea.testcases.EA_FlipCarousel" time="35.546" errors="0" timestamp="2020-12-29T11:41:32 BDT" skipped="0">
  <testcase classname="wpdev.ea.testcases.EA_FlipCarousel" name="flipCarouselTestCase" time="29.845"/>
  <system-out/>
  <testcase classname="wpdev.ea.testcases.EA_FlipCarousel" name="invokeBrowser" time="5.701"/>
  <system-out/>
</testsuite> <!-- wpdev.ea.testcases.EA_FlipCarousel -->
