<?xml version="1.0" encoding="UTF-8"?>
<!-- Generated by org.testng.reporters.JUnitReportReporter -->
<testsuite hostname="WPDev-Laptop-Shariful" failures="0" tests="2" name="wpdev.ea.testcases.EA_PostCarousel" time="46.887" errors="0" timestamp="2020-10-21T15:07:03 BDT" skipped="0">
  <testcase classname="wpdev.ea.testcases.EA_PostCarousel" name="invokeBrowser" time="5.812"/>
  <system-out/>
  <testcase classname="wpdev.ea.testcases.EA_PostCarousel" name="postCarouselTestCase" time="41.075"/>
  <system-out/>
</testsuite> <!-- wpdev.ea.testcases.EA_PostCarousel -->
