<?xml version="1.0" encoding="UTF-8"?>
<!-- Generated by org.testng.reporters.JUnitReportReporter -->
<testsuite hostname="WPDev-Laptop-Shariful" failures="0" tests="2" name="wpdev.ea.testcases.EA_ImageAccordion" time="39.561" errors="0" timestamp="2020-12-29T12:03:21 BDT" skipped="0">
  <testcase classname="wpdev.ea.testcases.EA_ImageAccordion" name="invokeBrowser" time="5.730"/>
  <system-out/>
  <testcase classname="wpdev.ea.testcases.EA_ImageAccordion" name="imageAccordionTestCase" time="33.831"/>
  <system-out/>
</testsuite> <!-- wpdev.ea.testcases.EA_ImageAccordion -->
