<?xml version="1.0" encoding="UTF-8"?>
<!-- Generated by org.testng.reporters.JUnitReportReporter -->
<testsuite hostname="WPDev-Laptop-Shariful" failures="0" tests="2" name="wpdev.ea.testcases.EA_AdvancedDataTable" time="16.609" errors="0" timestamp="2020-12-29T09:31:41 BDT" skipped="0">
  <testcase classname="wpdev.ea.testcases.EA_AdvancedDataTable" name="advancedDataTableTestCase" time="10.957"/>
  <system-out/>
  <testcase classname="wpdev.ea.testcases.EA_AdvancedDataTable" name="invokeBrowser" time="5.652"/>
  <system-out/>
</testsuite> <!-- wpdev.ea.testcases.EA_AdvancedDataTable -->
