<?xml version="1.0" encoding="UTF-8"?>
<!-- Generated by org.testng.reporters.JUnitReportReporter -->
<testsuite hostname="WPDev-Laptop-Shariful" failures="0" tests="2" name="wpdev.ea.testcases.EA_Counter" time="21.988" errors="0" timestamp="2020-12-29T10:08:13 BDT" skipped="0">
  <testcase classname="wpdev.ea.testcases.EA_Counter" name="invokeBrowser" time="5.688"/>
  <system-out/>
  <testcase classname="wpdev.ea.testcases.EA_Counter" name="ountdownTestCase" time="16.300"/>
  <system-out/>
</testsuite> <!-- wpdev.ea.testcases.EA_Counter -->
