<?xml version="1.0" encoding="UTF-8"?>
<!-- Generated by org.testng.reporters.JUnitReportReporter -->
<testsuite hostname="WPDev-Laptop-Shariful" failures="0" tests="2" name="wpdev.ea.testcases.EA_Testimonials" time="25.590" errors="0" timestamp="2020-12-30T10:20:29 BDT" skipped="0">
  <testcase classname="wpdev.ea.testcases.EA_Testimonials" name="invokeBrowser" time="5.768"/>
  <system-out/>
  <testcase classname="wpdev.ea.testcases.EA_Testimonials" name="testimonialTestCase" time="19.822"/>
  <system-out/>
</testsuite> <!-- wpdev.ea.testcases.EA_Testimonials -->
