<?xml version="1.0" encoding="UTF-8"?>
<!-- Generated by org.testng.reporters.JUnitReportReporter -->
<testsuite hostname="WPDev-Laptop-Shariful" failures="0" tests="2" name="wpdev.ea.testcases.EA_ImageHotspots" time="40.710" errors="0" timestamp="2020-10-27T12:19:14 BDT" skipped="0">
  <testcase classname="wpdev.ea.testcases.EA_ImageHotspots" name="imageHotspotsTestCase" time="34.901"/>
  <system-out/>
  <testcase classname="wpdev.ea.testcases.EA_ImageHotspots" name="invokeBrowser" time="5.809"/>
  <system-out/>
</testsuite> <!-- wpdev.ea.testcases.EA_ImageHotspots -->
