<?xml version="1.0" encoding="UTF-8"?>
<!-- Generated by org.testng.reporters.JUnitReportReporter -->
<testsuite hostname="WPDev-Laptop-Shariful" failures="0" tests="2" name="wpdev.ea.testcases.EA_AdvancedDataTable" time="18.349" errors="0" timestamp="2020-10-28T15:19:26 BDT" skipped="0">
  <testcase classname="wpdev.ea.testcases.EA_AdvancedDataTable" name="advancedDataTableTestCase" time="12.609"/>
  <system-out/>
  <testcase classname="wpdev.ea.testcases.EA_AdvancedDataTable" name="invokeBrowser" time="5.740"/>
  <system-out/>
</testsuite> <!-- wpdev.ea.testcases.EA_AdvancedDataTable -->
