<?xml version="1.0" encoding="UTF-8"?>
<!-- Generated by org.testng.reporters.JUnitReportReporter -->
<testsuite hostname="WPDev-Laptop-Shariful" failures="0" tests="3" name="wpdev.ea.testcases.EA_Tooltip" time="21.691" errors="0" timestamp="2020-10-14T08:32:13 BDT" skipped="0">
  <testcase classname="wpdev.ea.testcases.EA_Tooltip" name="openPage" time="3.003"/>
  <system-out/>
  <testcase classname="wpdev.ea.testcases.EA_Tooltip" name="eventflipboxTestCase" time="12.942"/>
  <system-out/>
  <testcase classname="wpdev.ea.testcases.EA_Tooltip" name="invokeBrowser" time="5.746"/>
  <system-out/>
</testsuite> <!-- wpdev.ea.testcases.EA_Tooltip -->
