<?xml version="1.0" encoding="UTF-8"?>
<!-- Generated by org.testng.reporters.JUnitReportReporter -->
<testsuite hostname="WPDev-Laptop-Shariful" failures="0" tests="3" name="wpdev.ea.testcases.EA_Testimonials" time="24.626" errors="0" timestamp="2020-10-13T12:27:32 BDT" skipped="0">
  <testcase classname="wpdev.ea.testcases.EA_Testimonials" name="openPage" time="7.667"/>
  <system-out/>
  <testcase classname="wpdev.ea.testcases.EA_Testimonials" name="testimonialTestCase" time="11.257"/>
  <system-out/>
  <testcase classname="wpdev.ea.testcases.EA_Testimonials" name="invokeBrowser" time="5.702"/>
  <system-out/>
</testsuite> <!-- wpdev.ea.testcases.EA_Testimonials -->
