<?xml version="1.0" encoding="UTF-8"?>
<!-- Generated by org.testng.reporters.JUnitReportReporter -->
<testsuite hostname="WPDev-Laptop-Shariful" failures="0" tests="2" name="wpdev.ea.testcases.EA_SmartPostList" time="66.764" errors="0" timestamp="2021-01-17T11:58:43 BDT" skipped="0">
  <testcase classname="wpdev.ea.testcases.EA_SmartPostList" name="eaSmartPostListTestCase" time="61.117"/>
  <system-out/>
  <testcase classname="wpdev.ea.testcases.EA_SmartPostList" name="invokeBrowser" time="5.647"/>
  <system-out/>
</testsuite> <!-- wpdev.ea.testcases.EA_SmartPostList -->
