<?xml version="1.0" encoding="UTF-8"?>
<!-- Generated by org.testng.reporters.JUnitReportReporter -->
<testsuite hostname="WPDev-Laptop-Shariful" failures="0" tests="2" name="wpdev.ea.testcases.EA_Tooltip" time="31.947" errors="0" timestamp="2020-12-30T11:32:13 BDT" skipped="0">
  <testcase classname="wpdev.ea.testcases.EA_Tooltip" name="invokeBrowser" time="5.683"/>
  <system-out/>
  <testcase classname="wpdev.ea.testcases.EA_Tooltip" name="eventflipboxTestCase" time="26.264"/>
  <system-out/>
</testsuite> <!-- wpdev.ea.testcases.EA_Tooltip -->
