<?xml version="1.0" encoding="UTF-8"?>
<!-- Generated by org.testng.reporters.JUnitReportReporter -->
<testsuite hostname="WPDev-Laptop-Shariful" failures="0" tests="3" name="wpdev.ea.testcases.EA_TestimonialSlider" time="21.124" errors="0" timestamp="2020-10-18T15:29:38 BDT" skipped="0">
  <testcase classname="wpdev.ea.testcases.EA_TestimonialSlider" name="openPage" time="8.193"/>
  <system-out/>
  <testcase classname="wpdev.ea.testcases.EA_TestimonialSlider" name="testimonialSliderTestCase" time="7.170"/>
  <system-out/>
  <testcase classname="wpdev.ea.testcases.EA_TestimonialSlider" name="invokeBrowser" time="5.761"/>
  <system-out/>
</testsuite> <!-- wpdev.ea.testcases.EA_TestimonialSlider -->
