<?xml version="1.0" encoding="UTF-8"?>
<!-- Generated by org.testng.reporters.JUnitReportReporter -->
<testsuite hostname="WPDev-Laptop-Shariful" failures="0" tests="2" name="wpdev.ea.testcases.EA_Divider" time="20.768" errors="0" timestamp="2020-12-29T10:57:31 BDT" skipped="0">
  <testcase classname="wpdev.ea.testcases.EA_Divider" name="invokeBrowser" time="5.618"/>
  <system-out/>
  <testcase classname="wpdev.ea.testcases.EA_Divider" name="ountdownTestCase" time="15.150"/>
  <system-out/>
</testsuite> <!-- wpdev.ea.testcases.EA_Divider -->
