<?xml version="1.0" encoding="UTF-8"?>
<!-- Generated by org.testng.reporters.JUnitReportReporter -->
<testsuite hostname="WPDev-Laptop-Shariful" failures="0" tests="3" name="wpdev.ea.testcases.EA_PostTimeline" time="20.753" errors="0" timestamp="2020-10-14T15:15:34 BDT" skipped="0">
  <testcase classname="wpdev.ea.testcases.EA_PostTimeline" name="invokeBrowser" time="6.289"/>
  <system-out/>
  <testcase classname="wpdev.ea.testcases.EA_PostTimeline" name="openPage" time="7.646"/>
  <system-out/>
  <testcase classname="wpdev.ea.testcases.EA_PostTimeline" name="postTimelineTestCase" time="6.818"/>
  <system-out/>
</testsuite> <!-- wpdev.ea.testcases.EA_PostTimeline -->
