<?xml version="1.0" encoding="UTF-8"?>
<!-- Generated by org.testng.reporters.JUnitReportReporter -->
<testsuite hostname="WPDev-Laptop-Shariful" failures="0" tests="2" name="wpdev.ea.testcases.EA_LightboxModal" time="32.617" errors="0" timestamp="2021-01-06T08:26:59 BDT" skipped="0">
  <testcase classname="wpdev.ea.testcases.EA_LightboxModal" name="invokeBrowser" time="6.188"/>
  <system-out/>
  <testcase classname="wpdev.ea.testcases.EA_LightboxModal" name="ountdownTestCase" time="26.429"/>
  <system-out/>
</testsuite> <!-- wpdev.ea.testcases.EA_LightboxModal -->
