<?xml version="1.0" encoding="UTF-8"?>
<!-- Generated by org.testng.reporters.JUnitReportReporter -->
<testsuite hostname="WPDev-Laptop-Shariful" failures="0" tests="2" name="wpdev.ea.testcases.EA_InteractivePromo" time="28.134" errors="0" timestamp="2021-01-06T08:25:53 BDT" skipped="0">
  <testcase classname="wpdev.ea.testcases.EA_InteractivePromo" name="interactivePromoTestCase" time="21.973"/>
  <system-out/>
  <testcase classname="wpdev.ea.testcases.EA_InteractivePromo" name="invokeBrowser" time="6.161"/>
  <system-out/>
</testsuite> <!-- wpdev.ea.testcases.EA_InteractivePromo -->
