<?xml version="1.0" encoding="UTF-8"?>
<!-- Generated by org.testng.reporters.JUnitReportReporter -->
<testsuite hostname="WPDev-Laptop-Shariful" failures="0" tests="2" name="wpdev.ea.testcases.EA_AdvancedMenu" time="55.099" errors="0" timestamp="2020-12-29T09:33:38 BDT" skipped="0">
  <testcase classname="wpdev.ea.testcases.EA_AdvancedMenu" name="advancedMenuTestCase" time="49.507"/>
  <system-out/>
  <testcase classname="wpdev.ea.testcases.EA_AdvancedMenu" name="invokeBrowser" time="5.592"/>
  <system-out/>
</testsuite> <!-- wpdev.ea.testcases.EA_AdvancedMenu -->
