<?xml version="1.0" encoding="UTF-8"?>
<!-- Generated by org.testng.reporters.JUnitReportReporter -->
<testsuite hostname="WPDev-Laptop-Shariful" failures="0" tests="2" name="wpdev.ea.testcases.EA_ContentTicker" time="25.633" errors="0" timestamp="2020-12-29T09:52:29 BDT" skipped="0">
  <testcase classname="wpdev.ea.testcases.EA_ContentTicker" name="contentTickerTestCase" time="19.974"/>
  <system-out/>
  <testcase classname="wpdev.ea.testcases.EA_ContentTicker" name="invokeBrowser" time="5.659"/>
  <system-out/>
</testsuite> <!-- wpdev.ea.testcases.EA_ContentTicker -->
