<?xml version="1.0" encoding="UTF-8"?>
<!-- Generated by org.testng.reporters.JUnitReportReporter -->
<testsuite hostname="WPDev-Shariful" failures="0" tests="3" name="wpdev.ea.testcases.EA_Toggle" time="48.019" errors="0" timestamp="2020-09-30T15:02:51 BDT" skipped="0">
  <testcase classname="wpdev.ea.testcases.EA_Toggle" name="invokeBrowser" time="5.671"/>
  <system-out/>
  <testcase classname="wpdev.ea.testcases.EA_Toggle" name="toggleTestCase" time="35.329"/>
  <system-out/>
  <testcase classname="wpdev.ea.testcases.EA_Toggle" name="openPage" time="7.019"/>
  <system-out/>
</testsuite> <!-- wpdev.ea.testcases.EA_Toggle -->
