<?xml version="1.0" encoding="UTF-8"?>
<!-- Generated by org.testng.reporters.JUnitReportReporter -->
<testsuite hostname="WPDev-Laptop-Shariful" failures="0" tests="3" name="wpdev.ea.testcases.EA_LogoCarousel" time="15.431" errors="0" timestamp="2020-10-18T14:01:37 BDT" skipped="0">
  <testcase classname="wpdev.ea.testcases.EA_LogoCarousel" name="openPage" time="3.179"/>
  <system-out/>
  <testcase classname="wpdev.ea.testcases.EA_LogoCarousel" name="LogoCarouseTestCase" time="6.408"/>
  <system-out/>
  <testcase classname="wpdev.ea.testcases.EA_LogoCarousel" name="invokeBrowser" time="5.844"/>
  <system-out/>
</testsuite> <!-- wpdev.ea.testcases.EA_LogoCarousel -->
