<?xml version="1.0" encoding="UTF-8"?>
<!-- Generated by org.testng.reporters.JUnitReportReporter -->
<testsuite hostname="WPDev-Laptop-Shariful" failures="0" tests="2" name="wpdev.ea.testcases.EA_ContentTimeline" time="16.913" errors="0" timestamp="2020-12-29T09:58:20 BDT" skipped="0">
  <testcase classname="wpdev.ea.testcases.EA_ContentTimeline" name="contentTimelineTestCase" time="11.205"/>
  <system-out/>
  <testcase classname="wpdev.ea.testcases.EA_ContentTimeline" name="invokeBrowser" time="5.708"/>
  <system-out/>
</testsuite> <!-- wpdev.ea.testcases.EA_ContentTimeline -->
