<?xml version="1.0" encoding="UTF-8"?>
<!-- Generated by org.testng.reporters.JUnitReportReporter -->
<testsuite hostname="WPDev-Laptop-Shariful" failures="0" tests="2" name="wpdev.ea.testcases.EA_PricingTable" time="26.346" errors="0" timestamp="2020-10-21T17:20:42 BDT" skipped="0">
  <testcase classname="wpdev.ea.testcases.EA_PricingTable" name="invokeBrowser" time="5.820"/>
  <system-out/>
  <testcase classname="wpdev.ea.testcases.EA_PricingTable" name="eventinfoboxTestCase" time="20.526"/>
  <system-out/>
</testsuite> <!-- wpdev.ea.testcases.EA_PricingTable -->
