<?xml version="1.0" encoding="UTF-8"?>
<!-- Generated by org.testng.reporters.JUnitReportReporter -->
<testsuite hostname="WPDev-Laptop-Shariful" failures="0" tests="2" name="wpdev.ea.testcases.EA_Divider" time="14.404" errors="0" timestamp="2020-10-28T17:22:02 BDT" skipped="0">
  <testcase classname="wpdev.ea.testcases.EA_Divider" name="ountdownTestCase" time="8.610"/>
  <system-out/>
  <testcase classname="wpdev.ea.testcases.EA_Divider" name="invokeBrowser" time="5.794"/>
  <system-out/>
</testsuite> <!-- wpdev.ea.testcases.EA_Divider -->
