<?xml version="1.0" encoding="UTF-8"?>
<!-- Generated by org.testng.reporters.JUnitReportReporter -->
<testsuite hostname="WPDev-Laptop-Shariful" failures="0" tests="3" name="wpdev.ea.testcases.EA_SmartPostList" time="54.135" errors="0" timestamp="2020-10-18T12:16:32 BDT" skipped="0">
  <testcase classname="wpdev.ea.testcases.EA_SmartPostList" name="openPage" time="7.140"/>
  <system-out/>
  <testcase classname="wpdev.ea.testcases.EA_SmartPostList" name="eaSmartPostListTestCase" time="41.310"/>
  <system-out/>
  <testcase classname="wpdev.ea.testcases.EA_SmartPostList" name="invokeBrowser" time="5.685"/>
  <system-out/>
</testsuite> <!-- wpdev.ea.testcases.EA_SmartPostList -->
