<?xml version="1.0" encoding="UTF-8"?>
<!-- Generated by org.testng.reporters.JUnitReportReporter -->
<testsuite hostname="WPDev-Laptop-Shariful" failures="0" tests="3" name="wpdev.ea.testcases.EA_FeatureList" time="12.768" errors="0" timestamp="2020-10-14T10:11:23 BDT" skipped="0">
  <testcase classname="wpdev.ea.testcases.EA_FeatureList" name="openPage" time="2.958"/>
  <system-out/>
  <testcase classname="wpdev.ea.testcases.EA_FeatureList" name="FeatureLisTestCase" time="4.063"/>
  <system-out/>
  <testcase classname="wpdev.ea.testcases.EA_FeatureList" name="invokeBrowser" time="5.747"/>
  <system-out/>
</testsuite> <!-- wpdev.ea.testcases.EA_FeatureList -->
