<?xml version="1.0" encoding="UTF-8"?>
<!-- Generated by org.testng.reporters.JUnitReportReporter -->
<testsuite hostname="WPDev-Laptop-Shariful" failures="0" tests="2" name="wpdev.ea.testcases.EA_AdvancedAccordion" time="25.197" errors="0" timestamp="2020-12-29T09:09:44 BDT" skipped="0">
  <testcase classname="wpdev.ea.testcases.EA_AdvancedAccordion" name="invokeBrowser" time="5.653"/>
  <system-out/>
  <testcase classname="wpdev.ea.testcases.EA_AdvancedAccordion" name="eventadvanceaccordionTestCase" time="19.544"/>
  <system-out/>
</testsuite> <!-- wpdev.ea.testcases.EA_AdvancedAccordion -->
