<?xml version="1.0" encoding="UTF-8"?>
<!-- Generated by org.testng.reporters.JUnitReportReporter -->
<testsuite hostname="WPDev-Laptop-Shariful" failures="0" tests="2" name="wpdev.ea.testcases.EA_ProtectedContent" time="47.707" errors="0" timestamp="2020-12-29T16:58:10 BDT" skipped="0">
  <testcase classname="wpdev.ea.testcases.EA_ProtectedContent" name="invokeBrowser" time="6.602"/>
  <system-out/>
  <testcase classname="wpdev.ea.testcases.EA_ProtectedContent" name="protectedContent" time="41.105"/>
  <system-out/>
</testsuite> <!-- wpdev.ea.testcases.EA_ProtectedContent -->
