<?xml version="1.0" encoding="UTF-8"?>
<!-- Generated by org.testng.reporters.JUnitReportReporter -->
<testsuite hostname="WPDev-Laptop-Shariful" failures="0" tests="3" name="wpdev.ea.testcases.EA_StaticProduct" time="13.198" errors="0" timestamp="2020-10-06T10:50:42 BDT" skipped="0">
  <testcase classname="wpdev.ea.testcases.EA_StaticProduct" name="openPage" time="3.102"/>
  <system-out/>
  <testcase classname="wpdev.ea.testcases.EA_StaticProduct" name="eventcalenderTestCase" time="4.327"/>
  <system-out/>
  <testcase classname="wpdev.ea.testcases.EA_StaticProduct" name="invokeBrowser" time="5.769"/>
  <system-out/>
</testsuite> <!-- wpdev.ea.testcases.EA_StaticProduct -->
