<?xml version="1.0" encoding="UTF-8"?>
<!-- Generated by org.testng.reporters.JUnitReportReporter -->
<testsuite hostname="WPDev-Laptop-Shariful" failures="0" tests="2" name="wpdev.ea.testcases.EA_LogoCarousel" time="38.089" errors="0" timestamp="2020-12-29T15:19:17 BDT" skipped="0">
  <testcase classname="wpdev.ea.testcases.EA_LogoCarousel" name="LogoCarouseTestCase" time="32.316"/>
  <system-out/>
  <testcase classname="wpdev.ea.testcases.EA_LogoCarousel" name="invokeBrowser" time="5.773"/>
  <system-out/>
</testsuite> <!-- wpdev.ea.testcases.EA_LogoCarousel -->
