<?xml version="1.0" encoding="UTF-8"?>
<!-- Generated by org.testng.reporters.JUnitReportReporter -->
<testsuite hostname="WPDev-Laptop-Shariful" failures="0" tests="2" name="wpdev.ea.testcases.EA_Countdown" time="21.123" errors="0" timestamp="2020-10-28T16:55:11 BDT" skipped="0">
  <testcase classname="wpdev.ea.testcases.EA_Countdown" name="ountdownTestCase" time="15.321"/>
  <system-out/>
  <testcase classname="wpdev.ea.testcases.EA_Countdown" name="invokeBrowser" time="5.802"/>
  <system-out/>
</testsuite> <!-- wpdev.ea.testcases.EA_Countdown -->
