<?xml version="1.0" encoding="UTF-8"?>
<!-- Generated by org.testng.reporters.JUnitReportReporter -->
<testsuite hostname="WPDev-Laptop-Shariful" failures="0" tests="3" name="wpdev.ea.testcases.EA_TeamMemberCarousel" time="13.342" errors="0" timestamp="2020-10-18T12:56:23 BDT" skipped="0">
  <testcase classname="wpdev.ea.testcases.EA_TeamMemberCarousel" name="openPage" time="2.852"/>
  <system-out/>
  <testcase classname="wpdev.ea.testcases.EA_TeamMemberCarousel" name="teamMemberCarouselTestCase" time="4.765"/>
  <system-out/>
  <testcase classname="wpdev.ea.testcases.EA_TeamMemberCarousel" name="invokeBrowser" time="5.725"/>
  <system-out/>
</testsuite> <!-- wpdev.ea.testcases.EA_TeamMemberCarousel -->
