<?xml version="1.0" encoding="UTF-8"?>
<!-- Generated by org.testng.reporters.JUnitReportReporter -->
<testsuite hostname="WPDev-Laptop-Shariful" failures="0" tests="2" name="wpdev.ea.testcases.EA_InteractiveCards" time="34.015" errors="0" timestamp="2021-01-06T08:23:08 BDT" skipped="0">
  <testcase classname="wpdev.ea.testcases.EA_InteractiveCards" name="interactiveCardTestCase" time="27.809"/>
  <system-out/>
  <testcase classname="wpdev.ea.testcases.EA_InteractiveCards" name="invokeBrowser" time="6.206"/>
  <system-out/>
</testsuite> <!-- wpdev.ea.testcases.EA_InteractiveCards -->
