<?xml version="1.0" encoding="UTF-8"?>
<!-- Generated by org.testng.reporters.JUnitReportReporter -->
<testsuite hostname="WPDev-Laptop-Shariful" failures="0" tests="2" name="wpdev.ea.testcases.EA_Counter" time="48.702" errors="0" timestamp="2020-10-27T16:29:31 BDT" skipped="0">
  <testcase classname="wpdev.ea.testcases.EA_Counter" name="invokeBrowser" time="5.792"/>
  <system-out/>
  <testcase classname="wpdev.ea.testcases.EA_Counter" name="ountdownTestCase" time="42.910"/>
  <system-out/>
</testsuite> <!-- wpdev.ea.testcases.EA_Counter -->
