<?xml version="1.0" encoding="UTF-8"?>
<!-- Generated by org.testng.reporters.JUnitReportReporter -->
<testsuite hostname="WPDev-Laptop-Shariful" failures="0" tests="2" name="wpdev.ea.testcases.EA_OffcanvasContent" time="29.380" errors="0" timestamp="2020-12-30T12:07:58 BDT" skipped="0">
  <testcase classname="wpdev.ea.testcases.EA_OffcanvasContent" name="invokeBrowser" time="5.748"/>
  <system-out/>
  <testcase classname="wpdev.ea.testcases.EA_OffcanvasContent" name="offfcanvasContentTestCase" time="23.632"/>
  <system-out/>
</testsuite> <!-- wpdev.ea.testcases.EA_OffcanvasContent -->
