<?xml version="1.0" encoding="UTF-8"?>
<!-- Generated by org.testng.reporters.JUnitReportReporter -->
<testsuite hostname="WPDev-Laptop-Shariful" failures="0" tests="2" name="wpdev.ea.testcases.EA_Countdown" time="37.986" errors="0" timestamp="2020-10-27T14:13:14 BDT" skipped="0">
  <testcase classname="wpdev.ea.testcases.EA_Countdown" name="invokeBrowser" time="5.725"/>
  <system-out/>
  <testcase classname="wpdev.ea.testcases.EA_Countdown" name="ountdownTestCase" time="32.261"/>
  <system-out/>
</testsuite> <!-- wpdev.ea.testcases.EA_Countdown -->
