<?xml version="1.0" encoding="UTF-8"?>
<!-- Generated by org.testng.reporters.JUnitReportReporter -->
<testsuite hostname="WPDev-Laptop-Shariful" failures="0" tests="3" name="wpdev.ea.testcases.EA_PostGrid" time="44.496" errors="0" timestamp="2020-10-19T18:25:34 BDT" skipped="0">
  <testcase classname="wpdev.ea.testcases.EA_PostGrid" name="openPage" time="5.036"/>
  <system-out/>
  <testcase classname="wpdev.ea.testcases.EA_PostGrid" name="postGridTestCase" time="33.779"/>
  <system-out/>
  <testcase classname="wpdev.ea.testcases.EA_PostGrid" name="invokeBrowser" time="5.681"/>
  <system-out/>
</testsuite> <!-- wpdev.ea.testcases.EA_PostGrid -->
