<?xml version="1.0" encoding="UTF-8"?>
<!-- Generated by org.testng.reporters.JUnitReportReporter -->
<testsuite hostname="WPDev-Laptop-Shariful" failures="0" tests="3" name="wpdev.ea.testcases.EA_InstagramFeed" time="34.104" errors="0" timestamp="2020-10-21T12:20:40 BDT" skipped="0">
  <testcase classname="wpdev.ea.testcases.EA_InstagramFeed" name="openPage" time="6.327"/>
  <system-out/>
  <testcase classname="wpdev.ea.testcases.EA_InstagramFeed" name="instagramFeedTestCase" time="22.063"/>
  <system-out/>
  <testcase classname="wpdev.ea.testcases.EA_InstagramFeed" name="invokeBrowser" time="5.714"/>
  <system-out/>
</testsuite> <!-- wpdev.ea.testcases.EA_InstagramFeed -->
