<?xml version="1.0" encoding="UTF-8"?>
<!-- Generated by org.testng.reporters.JUnitReportReporter -->
<testsuite hostname="WPDev-Laptop-Shariful" failures="0" tests="3" name="wpdev.ea.testcases.EA_EventCalender" time="17.397" errors="0" timestamp="2020-10-18T14:38:38 BDT" skipped="0">
  <testcase classname="wpdev.ea.testcases.EA_EventCalender" name="openPage" time="3.184"/>
  <system-out/>
  <testcase classname="wpdev.ea.testcases.EA_EventCalender" name="eventcalenderTestCase" time="8.330"/>
  <system-out/>
  <testcase classname="wpdev.ea.testcases.EA_EventCalender" name="invokeBrowser" time="5.883"/>
  <system-out/>
</testsuite> <!-- wpdev.ea.testcases.EA_EventCalender -->
