<?xml version="1.0" encoding="UTF-8"?>
<!-- Generated by org.testng.reporters.JUnitReportReporter -->
<testsuite hostname="WPDev-Laptop-Shariful" failures="0" tests="3" name="wpdev.ea.testcases.EA_ALL" time="146.511" errors="0" timestamp="2020-12-30T13:31:15 BDT" skipped="0">
  <testcase classname="wpdev.ea.testcases.EA_ALL" name="openPage" time="9.571"/>
  <system-out/>
  <testcase classname="wpdev.ea.testcases.EA_ALL" name="eaAllTestCase" time="131.184"/>
  <system-out/>
  <testcase classname="wpdev.ea.testcases.EA_ALL" name="invokeBrowser" time="5.756"/>
  <system-out/>
</testsuite> <!-- wpdev.ea.testcases.EA_ALL -->
