<?xml version="1.0" encoding="UTF-8"?>
<!-- Generated by org.testng.reporters.JUnitReportReporter -->
<testsuite hostname="WPDev-Laptop-Shariful" failures="0" tests="3" name="wpdev.ea.testcases.EA_OffcanvasContent" time="23.421" errors="0" timestamp="2020-10-18T12:02:23 BDT" skipped="0">
  <testcase classname="wpdev.ea.testcases.EA_OffcanvasContent" name="openPage" time="5.458"/>
  <system-out/>
  <testcase classname="wpdev.ea.testcases.EA_OffcanvasContent" name="offfcanvasContentTestCase" time="12.260"/>
  <system-out/>
  <testcase classname="wpdev.ea.testcases.EA_OffcanvasContent" name="invokeBrowser" time="5.703"/>
  <system-out/>
</testsuite> <!-- wpdev.ea.testcases.EA_OffcanvasContent -->
