<?xml version="1.0" encoding="UTF-8"?>
<!-- Generated by org.testng.reporters.JUnitReportReporter -->
<testsuite hostname="WPDev-Laptop-Shariful" failures="0" tests="2" name="wpdev.ea.testcases.EA_AdvancedMenu" time="72.949" errors="0" timestamp="2020-10-28T15:36:14 BDT" skipped="0">
  <testcase classname="wpdev.ea.testcases.EA_AdvancedMenu" name="invokeBrowser" time="5.653"/>
  <system-out/>
  <testcase classname="wpdev.ea.testcases.EA_AdvancedMenu" name="advancedMenuTestCase" time="67.296"/>
  <system-out/>
</testsuite> <!-- wpdev.ea.testcases.EA_AdvancedMenu -->
