<?xml version="1.0" encoding="UTF-8"?>
<!-- Generated by org.testng.reporters.JUnitReportReporter -->
<testsuite hostname="WPDev-Laptop-Shariful" failures="0" tests="2" name="wpdev.ea.testcases.EA_PostGrid" time="35.814" errors="0" timestamp="2021-01-17T09:59:22 BDT" skipped="0">
  <testcase classname="wpdev.ea.testcases.EA_PostGrid" name="postGridTestCase" time="30.200"/>
  <system-out/>
  <testcase classname="wpdev.ea.testcases.EA_PostGrid" name="invokeBrowser" time="5.614"/>
  <system-out/>
</testsuite> <!-- wpdev.ea.testcases.EA_PostGrid -->
