<?xml version="1.0" encoding="UTF-8"?>
<!-- Generated by org.testng.reporters.JUnitReportReporter -->
<testsuite hostname="WPDev-Laptop-Shariful" failures="0" tests="2" name="wpdev.ea.testcases.EA_PostTimeline" time="42.040" errors="0" timestamp="2021-01-17T11:05:06 BDT" skipped="0">
  <testcase classname="wpdev.ea.testcases.EA_PostTimeline" name="invokeBrowser" time="5.626"/>
  <system-out/>
  <testcase classname="wpdev.ea.testcases.EA_PostTimeline" name="postTimelineTestCase" time="36.414"/>
  <system-out/>
</testsuite> <!-- wpdev.ea.testcases.EA_PostTimeline -->
