<?xml version="1.0" encoding="UTF-8"?>
<!-- Generated by org.testng.reporters.JUnitReportReporter -->
<testsuite hostname="WPDev-Laptop-Shariful" failures="0" tests="2" name="wpdev.ea.testcases.EA_Toggle" time="28.841" errors="0" timestamp="2020-12-30T11:21:53 BDT" skipped="0">
  <testcase classname="wpdev.ea.testcases.EA_Toggle" name="invokeBrowser" time="5.637"/>
  <system-out/>
  <testcase classname="wpdev.ea.testcases.EA_Toggle" name="toggleTestCase" time="23.204"/>
  <system-out/>
</testsuite> <!-- wpdev.ea.testcases.EA_Toggle -->
