<?xml version="1.0" encoding="UTF-8"?>
<!-- Generated by org.testng.reporters.JUnitReportReporter -->
<testsuite hostname="WPDev-Laptop-Shariful" failures="0" tests="2" name="wpdev.ea.testcases.EA_ContentTicker" time="41.079" errors="0" timestamp="2020-10-28T16:31:46 BDT" skipped="0">
  <testcase classname="wpdev.ea.testcases.EA_ContentTicker" name="invokeBrowser" time="5.788"/>
  <system-out/>
  <testcase classname="wpdev.ea.testcases.EA_ContentTicker" name="contentTickerTestCase" time="35.291"/>
  <system-out/>
</testsuite> <!-- wpdev.ea.testcases.EA_ContentTicker -->
