<?xml version="1.0" encoding="UTF-8"?>
<!-- Generated by org.testng.reporters.JUnitReportReporter -->
<testsuite hostname="WPDev-Laptop-Shariful" failures="0" tests="2" name="wpdev.ea.testcases.EA_LightboxModal" time="56.912" errors="0" timestamp="2020-10-28T12:42:09 BDT" skipped="0">
  <testcase classname="wpdev.ea.testcases.EA_LightboxModal" name="ountdownTestCase" time="51.133"/>
  <system-out/>
  <testcase classname="wpdev.ea.testcases.EA_LightboxModal" name="invokeBrowser" time="5.779"/>
  <system-out/>
</testsuite> <!-- wpdev.ea.testcases.EA_LightboxModal -->
