<?xml version="1.0" encoding="UTF-8"?>
<!-- Generated by org.testng.reporters.JUnitReportReporter -->
<testsuite hostname="WPDev-Laptop-Shariful" failures="0" tests="3" name="wpdev.ea.testcases.EA_PostBlock" time="32.667" errors="0" timestamp="2020-10-19T18:54:10 BDT" skipped="0">
  <testcase classname="wpdev.ea.testcases.EA_PostBlock" name="postBlockTestCase" time="23.627"/>
  <system-out/>
  <testcase classname="wpdev.ea.testcases.EA_PostBlock" name="openPage" time="3.291"/>
  <system-out/>
  <testcase classname="wpdev.ea.testcases.EA_PostBlock" name="invokeBrowser" time="5.749"/>
  <system-out/>
</testsuite> <!-- wpdev.ea.testcases.EA_PostBlock -->
