<?xml version="1.0" encoding="UTF-8"?>
<!-- Generated by org.testng.reporters.JUnitReportReporter -->
<testsuite hostname="WPDev-Laptop-Shariful" failures="0" tests="3" name="wpdev.ea.testcases.EA_AdvancedDataTable" time="18.293" errors="0" timestamp="2020-10-14T13:09:36 BDT" skipped="0">
  <testcase classname="wpdev.ea.testcases.EA_AdvancedDataTable" name="openPage" time="5.157"/>
  <system-out/>
  <testcase classname="wpdev.ea.testcases.EA_AdvancedDataTable" name="advancedDataTableTestCase" time="7.449"/>
  <system-out/>
  <testcase classname="wpdev.ea.testcases.EA_AdvancedDataTable" name="invokeBrowser" time="5.687"/>
  <system-out/>
</testsuite> <!-- wpdev.ea.testcases.EA_AdvancedDataTable -->
