<?xml version="1.0" encoding="UTF-8"?>
<!-- Generated by org.testng.reporters.JUnitReportReporter -->
<testsuite hostname="WPDev-Laptop-Shariful" failures="0" tests="2" name="wpdev.ea.testcases.EA_FlipCarousel" time="39.530" errors="0" timestamp="2020-10-28T14:17:24 BDT" skipped="0">
  <testcase classname="wpdev.ea.testcases.EA_FlipCarousel" name="invokeBrowser" time="5.699"/>
  <system-out/>
  <testcase classname="wpdev.ea.testcases.EA_FlipCarousel" name="flipCarouselTestCase" time="33.831"/>
  <system-out/>
</testsuite> <!-- wpdev.ea.testcases.EA_FlipCarousel -->
