<?xml version="1.0" encoding="UTF-8"?>
<!-- Generated by org.testng.reporters.JUnitReportReporter -->
<testsuite hostname="WPDev-Laptop-Shariful" failures="0" tests="2" name="wpdev.ea.testcases.EA_InteractivePromo" time="33.601" errors="0" timestamp="2020-10-22T11:20:59 BDT" skipped="0">
  <testcase classname="wpdev.ea.testcases.EA_InteractivePromo" name="interactivePromoTestCase" time="27.873"/>
  <system-out/>
  <testcase classname="wpdev.ea.testcases.EA_InteractivePromo" name="invokeBrowser" time="5.728"/>
  <system-out/>
</testsuite> <!-- wpdev.ea.testcases.EA_InteractivePromo -->
