<?xml version="1.0" encoding="UTF-8"?>
<!-- Generated by org.testng.reporters.JUnitReportReporter -->
<testsuite hostname="WPDev-Laptop-Shariful" failures="0" tests="3" name="wpdev.ea.testcases.EA_AdvancedTabs" time="23.509" errors="0" timestamp="2020-10-12T14:29:47 BDT" skipped="0">
  <testcase classname="wpdev.ea.testcases.EA_AdvancedTabs" name="eventadvanceaccordionTestCase" time="14.209"/>
  <system-out/>
  <testcase classname="wpdev.ea.testcases.EA_AdvancedTabs" name="openPage" time="3.660"/>
  <system-out/>
  <testcase classname="wpdev.ea.testcases.EA_AdvancedTabs" name="invokeBrowser" time="5.640"/>
  <system-out/>
</testsuite> <!-- wpdev.ea.testcases.EA_AdvancedTabs -->
