<?xml version="1.0" encoding="UTF-8"?>
<!-- Generated by org.testng.reporters.JUnitReportReporter -->
<testsuite hostname="WPDev-Laptop-Shariful" failures="0" tests="2" name="wpdev.ea.testcases.EA_InstagramFeed" time="22.912" errors="0" timestamp="2020-12-29T14:12:31 BDT" skipped="0">
  <testcase classname="wpdev.ea.testcases.EA_InstagramFeed" name="invokeBrowser" time="5.692"/>
  <system-out/>
  <testcase classname="wpdev.ea.testcases.EA_InstagramFeed" name="instagramFeedTestCase" time="17.220"/>
  <system-out/>
</testsuite> <!-- wpdev.ea.testcases.EA_InstagramFeed -->
