<?xml version="1.0" encoding="UTF-8"?>
<!-- Generated by org.testng.reporters.JUnitReportReporter -->
<testsuite hostname="WPDev-Laptop-Shariful" failures="0" tests="3" name="wpdev.ea.testcases.EA_ContentTimeline" time="13.078" errors="0" timestamp="2020-10-15T11:24:34 BDT" skipped="0">
  <testcase classname="wpdev.ea.testcases.EA_ContentTimeline" name="openPage" time="3.177"/>
  <system-out/>
  <testcase classname="wpdev.ea.testcases.EA_ContentTimeline" name="contentTimelineTestCase" time="4.168"/>
  <system-out/>
  <testcase classname="wpdev.ea.testcases.EA_ContentTimeline" name="invokeBrowser" time="5.733"/>
  <system-out/>
</testsuite> <!-- wpdev.ea.testcases.EA_ContentTimeline -->
