<?xml version="1.0" encoding="UTF-8"?>
<!-- Generated by org.testng.reporters.JUnitReportReporter -->
<testsuite hostname="WPDev-Laptop-Shariful" failures="0" tests="2" name="wpdev.ea.testcases.EA_ImageHotspots" time="32.895" errors="0" timestamp="2020-12-29T12:44:04 BDT" skipped="0">
  <testcase classname="wpdev.ea.testcases.EA_ImageHotspots" name="imageHotspotsTestCase" time="27.212"/>
  <system-out/>
  <testcase classname="wpdev.ea.testcases.EA_ImageHotspots" name="invokeBrowser" time="5.683"/>
  <system-out/>
</testsuite> <!-- wpdev.ea.testcases.EA_ImageHotspots -->
