<?xml version="1.0" encoding="UTF-8"?>
<!-- Generated by org.testng.reporters.JUnitReportReporter -->
<testsuite hostname="WPDev-Laptop-Shariful" failures="0" tests="2" name="wpdev.ea.testcases.EA_FancyText" time="41.134" errors="0" timestamp="2020-10-27T15:26:15 BDT" skipped="0">
  <testcase classname="wpdev.ea.testcases.EA_FancyText" name="invokeBrowser" time="5.820"/>
  <system-out/>
  <testcase classname="wpdev.ea.testcases.EA_FancyText" name="ountdownTestCase" time="35.314"/>
  <system-out/>
</testsuite> <!-- wpdev.ea.testcases.EA_FancyText -->
