<?xml version="1.0" encoding="UTF-8"?>
<!-- Generated by org.testng.reporters.JUnitReportReporter -->
<testsuite hostname="WPDev-Laptop-Shariful" failures="0" tests="2" name="wpdev.ea.testcases.EA_PriceMenu" time="26.868" errors="0" timestamp="2020-12-29T16:42:22 BDT" skipped="0">
  <testcase classname="wpdev.ea.testcases.EA_PriceMenu" name="invokeBrowser" time="6.280"/>
  <system-out/>
  <testcase classname="wpdev.ea.testcases.EA_PriceMenu" name="priceMenuTestCase" time="20.588"/>
  <system-out/>
</testsuite> <!-- wpdev.ea.testcases.EA_PriceMenu -->
