<?xml version="1.0" encoding="UTF-8"?>
<!-- Generated by org.testng.reporters.JUnitReportReporter -->
<testsuite hostname="WPDev-Laptop-Shariful" failures="0" tests="2" name="wpdev.ea.testcases.EA_ImageScroller" time="40.729" errors="0" timestamp="2020-12-29T13:03:15 BDT" skipped="0">
  <testcase classname="wpdev.ea.testcases.EA_ImageScroller" name="imageHotspotsTestCase" time="35.091"/>
  <system-out/>
  <testcase classname="wpdev.ea.testcases.EA_ImageScroller" name="invokeBrowser" time="5.638"/>
  <system-out/>
</testsuite> <!-- wpdev.ea.testcases.EA_ImageScroller -->
