<?xml version="1.0" encoding="UTF-8"?>
<!-- Generated by org.testng.reporters.JUnitReportReporter -->
<testsuite hostname="WPDev-Laptop-Shariful" failures="0" tests="2" name="wpdev.ea.testcases.EA_Divider" time="22.707" errors="0" timestamp="2020-10-27T14:42:36 BDT" skipped="0">
  <testcase classname="wpdev.ea.testcases.EA_Divider" name="ountdownTestCase" time="17.038"/>
  <system-out/>
  <testcase classname="wpdev.ea.testcases.EA_Divider" name="invokeBrowser" time="5.669"/>
  <system-out/>
</testsuite> <!-- wpdev.ea.testcases.EA_Divider -->
