<?xml version="1.0" encoding="UTF-8"?>
<!-- Generated by org.testng.reporters.JUnitReportReporter -->
<testsuite hostname="WPDev-Laptop-Shariful" failures="0" tests="2" name="wpdev.ea.testcases.EA_OffcanvasContent" time="33.026" errors="0" timestamp="2021-01-06T08:28:39 BDT" skipped="0">
  <testcase classname="wpdev.ea.testcases.EA_OffcanvasContent" name="offfcanvasContentTestCase" time="26.859"/>
  <system-out/>
  <testcase classname="wpdev.ea.testcases.EA_OffcanvasContent" name="invokeBrowser" time="6.167"/>
  <system-out/>
</testsuite> <!-- wpdev.ea.testcases.EA_OffcanvasContent -->
