<?xml version="1.0" encoding="UTF-8"?>
<!-- Generated by org.testng.reporters.JUnitReportReporter -->
<testsuite hostname="WPDev-Laptop-Shariful" failures="0" tests="3" name="wpdev.ea.testcases.EA_InfoBox" time="23.774" errors="0" timestamp="2020-10-06T11:39:52 BDT" skipped="0">
  <testcase classname="wpdev.ea.testcases.EA_InfoBox" name="openPage" time="6.477"/>
  <system-out/>
  <testcase classname="wpdev.ea.testcases.EA_InfoBox" name="invokeBrowser" time="5.840"/>
  <system-out/>
  <testcase classname="wpdev.ea.testcases.EA_InfoBox" name="eventcalenderTestCase" time="11.457"/>
  <system-out/>
</testsuite> <!-- wpdev.ea.testcases.EA_InfoBox -->
