<?xml version="1.0" encoding="UTF-8"?>
<!-- Generated by org.testng.reporters.JUnitReportReporter -->
<testsuite hostname="WPDev-Laptop-Shariful" failures="0" tests="2" name="wpdev.ea.testcases.EA_FilterableGallery" time="91.410" errors="0" timestamp="2020-10-28T12:02:30 BDT" skipped="0">
  <testcase classname="wpdev.ea.testcases.EA_FilterableGallery" name="invokeBrowser" time="5.646"/>
  <system-out/>
  <testcase classname="wpdev.ea.testcases.EA_FilterableGallery" name="ountdownTestCase" time="85.764"/>
  <system-out/>
</testsuite> <!-- wpdev.ea.testcases.EA_FilterableGallery -->
