<?xml version="1.0" encoding="UTF-8"?>
<!-- Generated by org.testng.reporters.JUnitReportReporter -->
<testsuite hostname="WPDev-Laptop-Shariful" failures="0" tests="2" name="wpdev.ea.testcases.EA_InteractivePromo" time="22.207" errors="0" timestamp="2020-10-22T10:45:02 BDT" skipped="0">
  <testcase classname="wpdev.ea.testcases.EA_InteractivePromo" name="interactivePromoTestCase" time="16.547"/>
  <system-out/>
  <testcase classname="wpdev.ea.testcases.EA_InteractivePromo" name="invokeBrowser" time="5.660"/>
  <system-out/>
</testsuite> <!-- wpdev.ea.testcases.EA_InteractivePromo -->
