<?xml version="1.0" encoding="UTF-8"?>
<!-- Generated by org.testng.reporters.JUnitReportReporter -->
<testsuite hostname="WPDev-Laptop-Shariful" failures="0" tests="3" name="wpdev.ea.testcases.EA_AdvancedMenu" time="54.472" errors="0" timestamp="2020-10-14T12:25:21 BDT" skipped="0">
  <testcase classname="wpdev.ea.testcases.EA_AdvancedMenu" name="openPage" time="3.381"/>
  <system-out/>
  <testcase classname="wpdev.ea.testcases.EA_AdvancedMenu" name="advancedMenuTestCase" time="45.464"/>
  <system-out/>
  <testcase classname="wpdev.ea.testcases.EA_AdvancedMenu" name="invokeBrowser" time="5.627"/>
  <system-out/>
</testsuite> <!-- wpdev.ea.testcases.EA_AdvancedMenu -->
