<?xml version="1.0" encoding="UTF-8"?>
<!-- Generated by org.testng.reporters.JUnitReportReporter -->
<testsuite hostname="WPDev-Laptop-Shariful" failures="0" tests="1" name="test.RunjQuery" time="2.530" errors="0" timestamp="2020-10-13T11:42:41 BDT" skipped="0">
  <testcase classname="test.RunjQuery" name="getTextFromJquery" time="2.530"/>
  <system-out/>
</testsuite> <!-- test.RunjQuery -->
